# JRE version: OpenJDK Runtime Environment (21.0.6) (build 21.0.6+-13355223-b631.42)
# Java VM: OpenJDK 64-Bit Server VM (21.0.6+-13355223-b631.42, mixed mode, tiered, compressed oops, compressed class ptrs, g1 gc, windows-amd64)
GC Precious Log:
 CardTable entry size: 512
 Card Set container configuration: InlinePtr #cards 5 size 8 Array Of Cards #cards 12 size 40 Howl #buckets 4 coarsen threshold 1843 Howl Bitmap #cards 512 size 80 coarsen threshold 460 Card regions per heap region 1 cards per card region 2048
 CPUs: 4 total, 4 available
 Memory: 3899M
 Large Page Support: Disabled
 NUMA Support: Disabled
 Compressed Oops: Enabled (32-bit)
 Heap Region Size: 1M
 Heap Min Capacity: 8M
 Heap Initial Capacity: 62M
 Heap Max Capacity: 2G
 Pre-touch: Disabled
 Parallel Workers: 4
 Concurrent Workers: 1
 Concurrent Refinement Workers: 4
 Periodic GC: Disabled
Heap:
 garbage-first heap   total 103424K, used 92149K [0x0000000080000000, 0x0000000100000000)
  region size 1024K, 16 young (16384K), 1 survivors (1024K)
 Metaspace       used 59288K, committed 60800K, reserved 1114112K
  class space    used 7911K, committed 8640K, reserved 1048576K
GC Heap History (20 events):
Event: 55.323 GC heap before
{Heap before GC invocations=14 (full 0):
 garbage-first heap   total 63488K, used 54519K [0x0000000080000000, 0x0000000100000000)
  region size 1024K, 13 young (13312K), 1 survivors (1024K)
 Metaspace       used 40078K, committed 41152K, reserved 1114112K
  class space    used 5485K, committed 6016K, reserved 1048576K
}
Event: 55.329 GC heap after
{Heap after GC invocations=15 (full 0):
 garbage-first heap   total 63488K, used 43945K [0x0000000080000000, 0x0000000100000000)
  region size 1024K, 2 young (2048K), 2 survivors (2048K)
 Metaspace       used 40078K, committed 41152K, reserved 1114112K
  class space    used 5485K, committed 6016K, reserved 1048576K
}
Event: 57.195 GC heap before
{Heap before GC invocations=16 (full 0):
 garbage-first heap   total 75776K, used 55209K [0x0000000080000000, 0x0000000100000000)
  region size 1024K, 13 young (13312K), 2 survivors (2048K)
 Metaspace       used 41368K, committed 42624K, reserved 1114112K
  class space    used 5710K, committed 6336K, reserved 1048576K
}
Event: 57.203 GC heap after
{Heap after GC invocations=17 (full 0):
 garbage-first heap   total 75776K, used 44634K [0x0000000080000000, 0x0000000100000000)
  region size 1024K, 2 young (2048K), 2 survivors (2048K)
 Metaspace       used 41368K, committed 42624K, reserved 1114112K
  class space    used 5710K, committed 6336K, reserved 1048576K
}
Event: 63.302 GC heap before
{Heap before GC invocations=17 (full 0):
 garbage-first heap   total 75776K, used 65114K [0x0000000080000000, 0x0000000100000000)
  region size 1024K, 22 young (22528K), 2 survivors (2048K)
 Metaspace       used 44663K, committed 45952K, reserved 1114112K
  class space    used 6226K, committed 6848K, reserved 1048576K
}
Event: 63.314 GC heap after
{Heap after GC invocations=18 (full 0):
 garbage-first heap   total 75776K, used 46078K [0x0000000080000000, 0x0000000100000000)
  region size 1024K, 3 young (3072K), 3 survivors (3072K)
 Metaspace       used 44663K, committed 45952K, reserved 1114112K
  class space    used 6226K, committed 6848K, reserved 1048576K
}
Event: 67.364 GC heap before
{Heap before GC invocations=18 (full 0):
 garbage-first heap   total 75776K, used 65534K [0x0000000080000000, 0x0000000100000000)
  region size 1024K, 23 young (23552K), 3 survivors (3072K)
 Metaspace       used 49406K, committed 50752K, reserved 1114112K
  class space    used 6678K, committed 7360K, reserved 1048576K
}
Event: 67.381 GC heap after
{Heap after GC invocations=19 (full 0):
 garbage-first heap   total 75776K, used 48766K [0x0000000080000000, 0x0000000100000000)
  region size 1024K, 3 young (3072K), 3 survivors (3072K)
 Metaspace       used 49406K, committed 50752K, reserved 1114112K
  class space    used 6678K, committed 7360K, reserved 1048576K
}
Event: 68.395 GC heap before
{Heap before GC invocations=20 (full 0):
 garbage-first heap   total 81920K, used 67198K [0x0000000080000000, 0x0000000100000000)
  region size 1024K, 21 young (21504K), 3 survivors (3072K)
 Metaspace       used 49447K, committed 50816K, reserved 1114112K
  class space    used 6681K, committed 7360K, reserved 1048576K
}
Event: 68.411 GC heap after
{Heap after GC invocations=21 (full 0):
 garbage-first heap   total 81920K, used 50974K [0x0000000080000000, 0x0000000100000000)
  region size 1024K, 3 young (3072K), 3 survivors (3072K)
 Metaspace       used 49447K, committed 50816K, reserved 1114112K
  class space    used 6681K, committed 7360K, reserved 1048576K
}
Event: 72.579 GC heap before
{Heap before GC invocations=21 (full 0):
 garbage-first heap   total 81920K, used 75550K [0x0000000080000000, 0x0000000100000000)
  region size 1024K, 23 young (23552K), 3 survivors (3072K)
 Metaspace       used 52312K, committed 53760K, reserved 1114112K
  class space    used 6982K, committed 7680K, reserved 1048576K
}
Event: 72.592 GC heap after
{Heap after GC invocations=22 (full 0):
 garbage-first heap   total 83968K, used 53192K [0x0000000080000000, 0x0000000100000000)
  region size 1024K, 3 young (3072K), 3 survivors (3072K)
 Metaspace       used 52312K, committed 53760K, reserved 1114112K
  class space    used 6982K, committed 7680K, reserved 1048576K
}
Event: 76.302 GC heap before
{Heap before GC invocations=22 (full 0):
 garbage-first heap   total 83968K, used 74696K [0x0000000080000000, 0x0000000100000000)
  region size 1024K, 24 young (24576K), 3 survivors (3072K)
 Metaspace       used 54940K, committed 56448K, reserved 1114112K
  class space    used 7409K, committed 8128K, reserved 1048576K
}
Event: 76.322 GC heap after
{Heap after GC invocations=23 (full 0):
 garbage-first heap   total 83968K, used 54489K [0x0000000080000000, 0x0000000100000000)
  region size 1024K, 2 young (2048K), 2 survivors (2048K)
 Metaspace       used 54940K, committed 56448K, reserved 1114112K
  class space    used 7409K, committed 8128K, reserved 1048576K
}
Event: 86.331 GC heap before
{Heap before GC invocations=24 (full 0):
 garbage-first heap   total 92160K, used 77017K [0x0000000080000000, 0x0000000100000000)
  region size 1024K, 23 young (23552K), 2 survivors (2048K)
 Metaspace       used 56638K, committed 58176K, reserved 1114112K
  class space    used 7694K, committed 8448K, reserved 1048576K
}
Event: 86.466 GC heap after
{Heap after GC invocations=25 (full 0):
 garbage-first heap   total 92160K, used 60018K [0x0000000080000000, 0x0000000100000000)
  region size 1024K, 3 young (3072K), 3 survivors (3072K)
 Metaspace       used 56638K, committed 58176K, reserved 1114112K
  class space    used 7694K, committed 8448K, reserved 1048576K
}
Event: 95.463 GC heap before
{Heap before GC invocations=25 (full 0):
 garbage-first heap   total 94208K, used 92786K [0x0000000080000000, 0x0000000100000000)
  region size 1024K, 22 young (22528K), 3 survivors (3072K)
 Metaspace       used 58078K, committed 59648K, reserved 1114112K
  class space    used 7767K, committed 8512K, reserved 1048576K
}
Event: 95.488 GC heap after
{Heap after GC invocations=26 (full 0):
 garbage-first heap   total 103424K, used 77996K [0x0000000080000000, 0x0000000100000000)
  region size 1024K, 4 young (4096K), 4 survivors (4096K)
 Metaspace       used 58078K, committed 59648K, reserved 1114112K
  class space    used 7767K, committed 8512K, reserved 1048576K
}
Event: 97.606 GC heap before
{Heap before GC invocations=26 (full 0):
 garbage-first heap   total 103424K, used 92332K [0x0000000080000000, 0x0000000100000000)
  region size 1024K, 18 young (18432K), 4 survivors (4096K)
 Metaspace       used 59283K, committed 60800K, reserved 1114112K
  class space    used 7910K, committed 8640K, reserved 1048576K
}
Event: 97.617 GC heap after
{Heap after GC invocations=27 (full 0):
 garbage-first heap   total 103424K, used 77813K [0x0000000080000000, 0x0000000100000000)
  region size 1024K, 1 young (1024K), 1 survivors (1024K)
 Metaspace       used 59283K, committed 60800K, reserved 1114112K
  class space    used 7910K, committed 8640K, reserved 1048576K
}

